[   56581ms] [ERROR] Failed to load resource: the server responded with a status of 500 (Internal Server Error) @ http://localhost:3001/:0
[   64288ms] ModuleBuildError: Module build failed (from ./node_modules/next/dist/build/webpack/loaders/postcss-loader/src/index.js):
Error: Cannot find module '@tailwindcss/postcss'
Require stack:
- C:\Users\Umudvar\Desktop\shitgame\node_modules\next\dist\build\webpack\config\blocks\css\plugins.js
- C:\Users\Umudvar\Desktop\shitgame\node_modules\next\dist\build\webpack\config\blocks\css\index.js
- C:\Users\Umudvar\Desktop\shitgame\node_modules\next\dist\build\webpack\config\index.js
- C:\Users\Umudvar\Desktop\shitgame\node_modules\next\dist\build\webpack-config.js
- C:\Users\Umudvar\Desktop\shitgame\node_modules\next\dist\server\dev\hot-reloader-webpack.js
- C:\Users\Umudvar\Desktop\shitgame\node_modules\next\dist\server\lib\router-utils\setup-dev-bundler.js
- C:\Users\Umudvar\Desktop\shitgame\node_modules\next\dist\server\lib\router-server.js
- C:\Users\Umudvar\Desktop\shitgame\node_modules\next\dist\server\lib\start-server.js
    at Function.<anonymous> (node:internal/modules/cjs/loader:1383:15)
    at C:\Users\Umudvar\Desktop\shitgame\node_modules\next\dist\server\require-hook.js:55:36
    at Function.resolve (node:internal/modules/helpers:157:19)
    at loadPlugin (C:\Users\Umudvar\Desktop\shitgame\node_modules\next\dist\build\webpack\config\blocks\css\plugins.js:53:32)
    at C:\Users\Umudvar\Desktop\shitgame\node_modules\next\dist\build\webpack\config\blocks\css\plugins.js:185:56
    at Array.map (<anonymous>)
    at getPostCssPlugins (C:\Users\Umudvar\Desktop\shitgame\node_modules\next\dist\build\webpack\config\blocks\css\plugins.js:185:47)
    at async C:\Users\Umudvar\Desktop\shitgame\node_modules\next\dist\build\webpack\config\blocks\css\index.js:125:36
    at async C:\Users\Umudvar\Desktop\shitgame\node_modules\next\dist\build\webpack\loaders\postcss-loader\src\index.js:52:40
    at async Span.traceAsyncFn (C:\Users\Umudvar\Desktop\shitgame\node_modules\next\dist\trace\trace.js:157:20)
    at Function.<anonymous> (node:internal/modules/cjs/loader:1383:15)
    at C:\Users\Umudvar\Desktop\shitgame\node_modules\next\dist\server\require-hook.js:55:36
    at Function.resolve (node:internal/modules/helpers:157:19)
    at loadPlugin (C:\Users\Umudvar\Desktop\shitgame\node_modules\next\dist\build\webpack\config\blocks\css\plugins.js:53:32)
    at C:\Users\Umudvar\Desktop\shitgame\node_modules\next\dist\build\webpack\config\blocks\css\plugins.js:185:56
    at Array.map (<anonymous>)
    at getPostCssPlugins (C:\Users\Umudvar\Desktop\shitgame\node_modules\next\dist\build\webpack\config\blocks\css\plugins.js:185:47)
    at async C:\Users\Umudvar\Desktop\shitgame\node_modules\next\dist\build\webpack\config\blocks\css\index.js:125:36
    at async C:\Users\Umudvar\Desktop\shitgame\node_modules\next\dist\build\webpack\loaders\postcss-loader\src\index.js:52:40
    at async Span.traceAsyncFn (C:\Users\Umudvar\Desktop\shitgame\node_modules\next\dist\trace\trace.js:157:20)
    at Function.<anonymous> (node:internal/modules/cjs/loader:1383:15)
    at <unknown> (file://C:\Users\Umudvar\Desktop\shitgame\node_modules\next\dist\server\require-hook.js:55:36)
    at Function.resolve (node:internal/modules/helpers:157:19)
    at loadPlugin (file://C:\Users\Umudvar\Desktop\shitgame\node_modules\next\dist\build\webpack\config\blocks\css\plugins.js:53:32)
    at <unknown> (file://C:\Users\Umudvar\Desktop\shitgame\node_modules\next\dist\build\webpack\config\blocks\css\plugins.js:185:56)
    at Array.map (<anonymous>)
    at getPostCssPlugins (file://C:\Users\Umudvar\Desktop\shitgame\node_modules\next\dist\build\webpack\config\blocks\css\plugins.js:185:47)
    at async (file://C:\Users\Umudvar\Desktop\shitgame\node_modules\next\dist\build\webpack\config\blocks\css\index.js:125:36)
    at async (file://C:\Users\Umudvar\Desktop\shitgame\node_modules\next\dist\build\webpack\loaders\postcss-loader\src\index.js:52:40)
    at async Span.traceAsyncFn (file://C:\Users\Umudvar\Desktop\shitgame\node_modules\next\dist\trace\trace.js:157:20)
    at processResult (file://C:\Users\Umudvar\Desktop\shitgame\node_modules\next\dist\compiled\webpack\bundle5.js:29:407111)
    at <unknown> (file://C:\Users\Umudvar\Desktop\shitgame\node_modules\next\dist\compiled\webpack\bundle5.js:29:408906)
    at <unknown> (file://C:\Users\Umudvar\Desktop\shitgame\node_modules\next\dist\compiled\loader-runner\LoaderRunner.js:1:8645)
    at <unknown> (file://C:\Users\Umudvar\Desktop\shitgame\node_modules\next\dist\compiled\loader-runner\LoaderRunner.js:1:5828)
    at r.callback (file://C:\Users\Umudvar\Desktop\shitgame\node_modules\next\dist\compiled\loader-runner\LoaderRunner.js:1:4039)
    at <unknown> (file://C:\Users\Umudvar\Desktop\shitgame\node_modules\next\dist\build\webpack\loaders\postcss-loader\src\index.js:122:37)
[   65041ms] [ERROR] Failed to load resource: the server responded with a status of 404 (Not Found) @ http://localhost:3001/favicon.ico:0
[   65096ms] [ERROR] ./app/globals.css.webpack[javascript/auto]!=!./node_modules/next/dist/build/webpack/loaders/css-loader/src/index.js??ruleSet[1].rules[13].oneOf[10].use[2]!./node_modules/next/dist/build/webpack/loaders/postcss-loader/src/index.js??ruleSet[1].rules[13].oneOf[10].use[3]!./app/globals.css
Error: Cannot find module '@tailwindcss/postcss'
Require stack:
- C:\Users\Umudvar\Desktop\shitgame\node_modules\next\dist\build\webpack\config\blocks\css\plugins.js
- C:\Users\Umudvar\Desktop\shitgame\node_modules\next\dist\build\webpack\config\blocks\css\index.js
- C:\Users\Umudvar\Desktop\shitgame\node_modules\next\dist\build\webpack\config\index.js
- C:\Users\Umudvar\Desktop\shitgame\node_modules\next\dist\build\webpack-config.js
- C:\Users\Umudvar\Desktop\shitgame\node_modules\next\dist\server\dev\hot-reloader-webpack.js
- C:\Users\Umudvar\Desktop\shitgame\node_modules\next\dist\server\lib\router-utils\setup-dev-bundler.js
- C:\Users\Umudvar\Desktop\shitgame\node_modules\next\dist\server\lib\router-server.js
- C:\Users\Umudvar\Desktop\shitgame\node_modules\next\dist\server\lib\start-server.js
    at Array.map (<anonymous>) @ webpack-internal:///(pages-dir-browser)/./node_modules/next/dist/client/components/react-dev-overlay/pages/client.js:81
[   65096ms] [ERROR] ./app/globals.css
Error: Cannot find module '@tailwindcss/postcss'
Require stack:
- C:\Users\Umudvar\Desktop\shitgame\node_modules\next\dist\build\webpack\config\blocks\css\plugins.js
- C:\Users\Umudvar\Desktop\shitgame\node_modules\next\dist\build\webpack\config\blocks\css\index.js
- C:\Users\Umudvar\Desktop\shitgame\node_modules\next\dist\build\webpack\config\index.js
- C:\Users\Umudvar\Desktop\shitgame\node_modules\next\dist\build\webpack-config.js
- C:\Users\Umudvar\Desktop\shitgame\node_modules\next\dist\server\dev\hot-reloader-webpack.js
- C:\Users\Umudvar\Desktop\shitgame\node_modules\next\dist\server\lib\router-utils\setup-dev-bundler.js
- C:\Users\Umudvar\Desktop\shitgame\node_modules\next\dist\server\lib\router-server.js
- C:\Users\Umudvar\Desktop\shitgame\node_modules\next\dist\server\lib\start-server.js
    at Array.map (<anonymous>)
-- inner error --
Error: Cannot find module '@tailwindcss/postcss'
Require stack:
- C:\Users\Umudvar\Desktop\shitgame\node_modules\next\dist\build\webpack\config\blocks\css\plugins.js
- C:\Users\Umudvar\Desktop\shitgame\node_modules\next\dist\build\webpack\config\blocks\css\index.js
- C:\Users\Umudvar\Desktop\shitgame\node_modules\next\dist\build\webpack\config\index.js
- C:\Users\Umudvar\Desktop\shitgame\node_modules\next\dist\build\webpack-config.js
- C:\Users\Umudvar\Desktop\shitgame\node_modules\next\dist\server\dev\hot-reloader-webpack.js
- C:\Users\Umudvar\Desktop\shitgame\node_modules\next\dist\server\lib\router-utils\setup-dev-bundler.js
- C:\Users\Umudvar\Desktop\shitgame\node_modules\next\dist\server\lib\router-server.js
- C:\Users\Umudvar\Desktop\shitgame\node_modules\next\dist\server\lib\start-server.js
    at Array.map (<anonymous>)
Generated code for C:\Users\Umudvar\Desktop\shitgame\node_modules\next\dist\build\webpack\loaders\css-loader\src\index.js??ruleSet[1].rules[13].oneOf[10].use[2]!C:\Users\Umudvar\Desktop\shitgame\node_modules\next\dist\build\webpack\loaders\postcss-loader\src\index.js??ruleSet[1].rules[13].oneOf[10].use[3]!C:\Users\Umudvar\Desktop\shitgame\app\globals.css @ webpack-internal:///(pages-dir-browser)/./node_modules/next/dist/client/components/react-dev-overlay/pages/client.js:81
